{"D:\\attendance-frontend\\src\\components\\breadCrumb\\BreadCrumb.tsx": {"path":"D:\\attendance-frontend\\src\\components\\breadCrumb\\BreadCrumb.tsx","statementMap":{"0":{"start":{"line":40,"column":0},"end":{"line":40,"column":40}},"1":{"start":{"line":41,"column":0},"end":{"line":41,"column":27}},"2":{"start":{"line":42,"column":0},"end":{"line":42,"column":43}},"3":{"start":{"line":53,"column":48},"end":{"line":79,"column":1}},"4":{"start":{"line":54,"column":2},"end":{"line":78,"column":4}},"5":{"start":{"line":61,"column":10},"end":{"line":61,"column":null}},"6":{"start":{"line":81,"column":0},"end":{"line":81,"column":27}}},"fnMap":{"0":{"name":"(anonymous_0)","decl":{"start":{"line":53,"column":48},"end":{"line":53,"column":49}},"loc":{"start":{"line":53,"column":71},"end":{"line":79,"column":1}}},"1":{"name":"(anonymous_1)","decl":{"start":{"line":60,"column":37},"end":{"line":60,"column":38}},"loc":{"start":{"line":61,"column":10},"end":{"line":61,"column":null}}}},"branchMap":{"0":{"loc":{"start":{"line":56,"column":7},"end":{"line":57,"column":null}},"type":"binary-expr","locations":[{"start":{"line":56,"column":7},"end":{"line":56,"column":32}},{"start":{"line":57,"column":8},"end":{"line":57,"column":87}}]},"1":{"loc":{"start":{"line":62,"column":13},"end":{"line":71,"column":null}},"type":"cond-expr","locations":[{"start":{"line":63,"column":14},"end":{"line":66,"column":null}},{"start":{"line":69,"column":14},"end":{"line":70,"column":null}}]},"2":{"loc":{"start":{"line":73,"column":13},"end":{"line":73,"column":93}},"type":"binary-expr","locations":[{"start":{"line":73,"column":13},"end":{"line":73,"column":46}},{"start":{"line":73,"column":50},"end":{"line":73,"column":93}}]}},"s":{"0":1,"1":1,"2":1,"3":1,"4":4,"5":8,"6":1},"f":{"0":4,"1":8},"b":{"0":[4,4],"1":[8,0],"2":[8,4]}}
,"D:\\attendance-frontend\\src\\components\\button\\Button.tsx": {"path":"D:\\attendance-frontend\\src\\components\\button\\Button.tsx","statementMap":{"0":{"start":{"line":2,"column":0},"end":{"line":2,"column":39}},"1":{"start":{"line":18,"column":44},"end":{"line":42,"column":1}},"2":{"start":{"line":27,"column":2},"end":{"line":41,"column":4}},"3":{"start":{"line":44,"column":0},"end":{"line":44,"column":28}}},"fnMap":{"0":{"name":"(anonymous_0)","decl":{"start":{"line":18,"column":44},"end":{"line":18,"column":45}},"loc":{"start":{"line":26,"column":5},"end":{"line":42,"column":1}}}},"branchMap":{"0":{"loc":{"start":{"line":20,"column":2},"end":{"line":20,"column":17}},"type":"default-arg","locations":[{"start":{"line":20,"column":9},"end":{"line":20,"column":17}}]},"1":{"loc":{"start":{"line":22,"column":2},"end":{"line":22,"column":18}},"type":"default-arg","locations":[{"start":{"line":22,"column":12},"end":{"line":22,"column":18}}]},"2":{"loc":{"start":{"line":23,"column":2},"end":{"line":23,"column":22}},"type":"default-arg","locations":[{"start":{"line":23,"column":20},"end":{"line":23,"column":22}}]},"3":{"loc":{"start":{"line":24,"column":2},"end":{"line":24,"column":18}},"type":"default-arg","locations":[{"start":{"line":24,"column":13},"end":{"line":24,"column":18}}]}},"s":{"0":1,"1":1,"2":8,"3":1},"f":{"0":8},"b":{"0":[7],"1":[7],"2":[7],"3":[7]}}
,"D:\\attendance-frontend\\src\\components\\dashboard-card\\Card.tsx": {"path":"D:\\attendance-frontend\\src\\components\\dashboard-card\\Card.tsx","statementMap":{"0":{"start":{"line":1,"column":0},"end":{"line":1,"column":82}},"1":{"start":{"line":3,"column":0},"end":{"line":3,"column":60}},"2":{"start":{"line":4,"column":0},"end":{"line":4,"column":20}},"3":{"start":{"line":14,"column":36},"end":{"line":35,"column":1}},"4":{"start":{"line":15,"column":2},"end":{"line":34,"column":null}},"5":{"start":{"line":37,"column":0},"end":{"line":37,"column":null}}},"fnMap":{"0":{"name":"(anonymous_1)","decl":{"start":{"line":14,"column":36},"end":{"line":14,"column":37}},"loc":{"start":{"line":14,"column":116},"end":{"line":35,"column":1}}}},"branchMap":{"0":{"loc":{"start":{"line":14,"column":39},"end":{"line":14,"column":62}},"type":"default-arg","locations":[{"start":{"line":14,"column":47},"end":{"line":14,"column":62}}]},"1":{"loc":{"start":{"line":14,"column":64},"end":{"line":14,"column":81}},"type":"default-arg","locations":[{"start":{"line":14,"column":72},"end":{"line":14,"column":81}}]},"2":{"loc":{"start":{"line":14,"column":83},"end":{"line":14,"column":95}},"type":"default-arg","locations":[{"start":{"line":14,"column":92},"end":{"line":14,"column":95}}]},"3":{"loc":{"start":{"line":14,"column":97},"end":{"line":14,"column":110}},"type":"default-arg","locations":[{"start":{"line":14,"column":108},"end":{"line":14,"column":110}}]},"4":{"loc":{"start":{"line":28,"column":27},"end":{"line":28,"column":55}},"type":"cond-expr","locations":[{"start":{"line":28,"column":40},"end":{"line":28,"column":46}},{"start":{"line":28,"column":49},"end":{"line":28,"column":55}}]}},"s":{"0":0,"1":0,"2":0,"3":0,"4":0,"5":0},"f":{"0":0},"b":{"0":[0],"1":[0],"2":[0],"3":[0],"4":[0,0]}}
,"D:\\attendance-frontend\\src\\components\\errorBoundry\\ErrorBoundary.tsx": {"path":"D:\\attendance-frontend\\src\\components\\errorBoundry\\ErrorBoundary.tsx","statementMap":{"0":{"start":{"line":1,"column":0},"end":{"line":1,"column":40}},"1":{"start":{"line":2,"column":0},"end":{"line":2,"column":65}},"2":{"start":{"line":3,"column":0},"end":{"line":3,"column":73}},"3":{"start":{"line":4,"column":0},"end":{"line":4,"column":42}},"4":{"start":{"line":10,"column":51},"end":{"line":50,"column":1}},"5":{"start":{"line":11,"column":19},"end":{"line":11,"column":32}},"6":{"start":{"line":13,"column":29},"end":{"line":21,"column":3}},"7":{"start":{"line":16,"column":4},"end":{"line":16,"column":50}},"8":{"start":{"line":17,"column":4},"end":{"line":17,"column":52}},"9":{"start":{"line":18,"column":4},"end":{"line":18,"column":52}},"10":{"start":{"line":19,"column":4},"end":{"line":19,"column":54}},"11":{"start":{"line":20,"column":4},"end":{"line":20,"column":53}},"12":{"start":{"line":23,"column":2},"end":{"line":49,"column":4}},"13":{"start":{"line":57,"column":52},"end":{"line":59,"column":1}},"14":{"start":{"line":58,"column":2},"end":{"line":58,"column":79}},"15":{"start":{"line":61,"column":0},"end":{"line":61,"column":29}}},"fnMap":{"0":{"name":"(anonymous_0)","decl":{"start":{"line":10,"column":51},"end":{"line":10,"column":52}},"loc":{"start":{"line":10,"column":85},"end":{"line":50,"column":1}}},"1":{"name":"(anonymous_1)","decl":{"start":{"line":13,"column":29},"end":{"line":13,"column":32}},"loc":{"start":{"line":13,"column":34},"end":{"line":21,"column":3}}},"2":{"name":"(anonymous_2)","decl":{"start":{"line":57,"column":52},"end":{"line":57,"column":53}},"loc":{"start":{"line":57,"column":69},"end":{"line":59,"column":1}}}},"branchMap":{},"s":{"0":0,"1":0,"2":0,"3":0,"4":0,"5":0,"6":0,"7":0,"8":0,"9":0,"10":0,"11":0,"12":0,"13":0,"14":0,"15":0},"f":{"0":0,"1":0,"2":0},"b":{}}
,"D:\\attendance-frontend\\src\\components\\input\\Input.tsx": {"path":"D:\\attendance-frontend\\src\\components\\input\\Input.tsx","statementMap":{"0":{"start":{"line":1,"column":0},"end":{"line":1,"column":44}},"1":{"start":{"line":2,"column":0},"end":{"line":2,"column":21}},"2":{"start":{"line":3,"column":0},"end":{"line":3,"column":42}},"3":{"start":{"line":20,"column":36},"end":{"line":58,"column":1}},"4":{"start":{"line":34,"column":2},"end":{"line":57,"column":null}},"5":{"start":{"line":60,"column":0},"end":{"line":60,"column":null}}},"fnMap":{"0":{"name":"(anonymous_0)","decl":{"start":{"line":20,"column":36},"end":{"line":20,"column":37}},"loc":{"start":{"line":33,"column":5},"end":{"line":58,"column":1}}}},"branchMap":{"0":{"loc":{"start":{"line":29,"column":2},"end":{"line":29,"column":18}},"type":"default-arg","locations":[{"start":{"line":29,"column":13},"end":{"line":29,"column":18}}]},"1":{"loc":{"start":{"line":31,"column":2},"end":{"line":31,"column":16}},"type":"default-arg","locations":[{"start":{"line":31,"column":14},"end":{"line":31,"column":16}}]},"2":{"loc":{"start":{"line":35,"column":54},"end":{"line":35,"column":68}},"type":"binary-expr","locations":[{"start":{"line":35,"column":54},"end":{"line":35,"column":59}},{"start":{"line":35,"column":63},"end":{"line":35,"column":68}}]},"3":{"loc":{"start":{"line":36,"column":7},"end":{"line":42,"column":null}},"type":"cond-expr","locations":[{"start":{"line":37,"column":8},"end":{"line":39,"column":null}},{"start":{"line":42,"column":8},"end":{"line":42,"column":10}}]},"4":{"loc":{"start":{"line":39,"column":17},"end":{"line":39,"column":36}},"type":"cond-expr","locations":[{"start":{"line":39,"column":28},"end":{"line":39,"column":31}},{"start":{"line":39,"column":34},"end":{"line":39,"column":36}}]},"5":{"loc":{"start":{"line":45,"column":14},"end":{"line":45,"column":28}},"type":"binary-expr","locations":[{"start":{"line":45,"column":14},"end":{"line":45,"column":18}},{"start":{"line":45,"column":22},"end":{"line":45,"column":28}}]},"6":{"loc":{"start":{"line":52,"column":13},"end":{"line":52,"column":49}},"type":"cond-expr","locations":[{"start":{"line":52,"column":35},"end":{"line":52,"column":44}},{"start":{"line":52,"column":47},"end":{"line":52,"column":49}}]}},"s":{"0":1,"1":1,"2":1,"3":1,"4":3,"5":1},"f":{"0":3},"b":{"0":[0],"1":[3],"2":[3,0],"3":[3,0],"4":[3,0],"5":[3,3],"6":[0,3]}}
,"D:\\attendance-frontend\\src\\services\\axios\\index.ts": {"path":"D:\\attendance-frontend\\src\\services\\axios\\index.ts","statementMap":{"0":{"start":{"line":1,"column":0},"end":{"line":1,"column":57}},"1":{"start":{"line":4,"column":18},"end":{"line":10,"column":2}},"2":{"start":{"line":13,"column":0},"end":{"line":30,"column":2}},"3":{"start":{"line":16,"column":18},"end":{"line":16,"column":47}},"4":{"start":{"line":17,"column":4},"end":{"line":23,"column":5}},"5":{"start":{"line":19,"column":6},"end":{"line":22,"column":8}},"6":{"start":{"line":24,"column":4},"end":{"line":24,"column":18}},"7":{"start":{"line":27,"column":4},"end":{"line":27,"column":43}},"8":{"start":{"line":28,"column":4},"end":{"line":28,"column":33}},"9":{"start":{"line":33,"column":0},"end":{"line":43,"column":2}},"10":{"start":{"line":34,"column":31},"end":{"line":34,"column":39}},"11":{"start":{"line":36,"column":4},"end":{"line":40,"column":5}},"12":{"start":{"line":37,"column":6},"end":{"line":37,"column":55}},"13":{"start":{"line":39,"column":6},"end":{"line":39,"column":53}},"14":{"start":{"line":41,"column":4},"end":{"line":41,"column":33}},"15":{"start":{"line":45,"column":0},"end":{"line":45,"column":25}}},"fnMap":{"0":{"name":"(anonymous_1)","decl":{"start":{"line":15,"column":2},"end":{"line":15,"column":3}},"loc":{"start":{"line":15,"column":18},"end":{"line":25,"column":3}}},"1":{"name":"(anonymous_2)","decl":{"start":{"line":26,"column":2},"end":{"line":26,"column":3}},"loc":{"start":{"line":26,"column":24},"end":{"line":29,"column":3}}},"2":{"name":"(anonymous_3)","decl":{"start":{"line":34,"column":2},"end":{"line":34,"column":3}},"loc":{"start":{"line":34,"column":31},"end":{"line":34,"column":39}}},"3":{"name":"(anonymous_4)","decl":{"start":{"line":35,"column":2},"end":{"line":35,"column":3}},"loc":{"start":{"line":35,"column":24},"end":{"line":42,"column":3}}}},"branchMap":{"0":{"loc":{"start":{"line":17,"column":4},"end":{"line":23,"column":5}},"type":"if","locations":[{"start":{"line":17,"column":4},"end":{"line":23,"column":5}}]},"1":{"loc":{"start":{"line":36,"column":4},"end":{"line":40,"column":5}},"type":"if","locations":[{"start":{"line":36,"column":4},"end":{"line":40,"column":5}},{"start":{"line":38,"column":11},"end":{"line":40,"column":5}}]}},"s":{"0":2,"1":2,"2":2,"3":0,"4":0,"5":0,"6":0,"7":0,"8":0,"9":2,"10":0,"11":0,"12":0,"13":0,"14":0,"15":2},"f":{"0":0,"1":0,"2":0,"3":0},"b":{"0":[0],"1":[0,0]}}
,"D:\\attendance-frontend\\src\\store\\store.ts": {"path":"D:\\attendance-frontend\\src\\store\\store.ts","statementMap":{"0":{"start":{"line":1,"column":0},"end":{"line":1,"column":50}},"1":{"start":{"line":2,"column":0},"end":{"line":2,"column":61}},"2":{"start":{"line":3,"column":0},"end":{"line":3,"column":48}},"3":{"start":{"line":4,"column":0},"end":{"line":4,"column":50}},"4":{"start":{"line":5,"column":0},"end":{"line":5,"column":57}},"5":{"start":{"line":6,"column":0},"end":{"line":6,"column":53}},"6":{"start":{"line":7,"column":0},"end":{"line":7,"column":61}},"7":{"start":{"line":8,"column":0},"end":{"line":8,"column":50}},"8":{"start":{"line":10,"column":26},"end":{"line":13,"column":2}},"9":{"start":{"line":15,"column":30},"end":{"line":18,"column":null}},"10":{"start":{"line":20,"column":28},"end":{"line":23,"column":null}},"11":{"start":{"line":25,"column":32},"end":{"line":28,"column":null}},"12":{"start":{"line":30,"column":27},"end":{"line":33,"column":null}},"13":{"start":{"line":37,"column":30},"end":{"line":37,"column":76}},"14":{"start":{"line":39,"column":24},"end":{"line":39,"column":73}},"15":{"start":{"line":41,"column":22},"end":{"line":41,"column":69}},"16":{"start":{"line":43,"column":26},"end":{"line":43,"column":77}},"17":{"start":{"line":45,"column":21},"end":{"line":45,"column":68}},"18":{"start":{"line":48,"column":13},"end":{"line":57,"column":3}},"19":{"start":{"line":56,"column":40},"end":{"line":56,"column":62}},"20":{"start":{"line":59,"column":13},"end":{"line":59,"column":45}}},"fnMap":{"0":{"name":"(anonymous_1)","decl":{"start":{"line":56,"column":14},"end":{"line":56,"column":15}},"loc":{"start":{"line":56,"column":40},"end":{"line":56,"column":62}}}},"branchMap":{},"s":{"0":0,"1":0,"2":0,"3":0,"4":0,"5":0,"6":0,"7":0,"8":0,"9":0,"10":0,"11":0,"12":0,"13":0,"14":0,"15":0,"16":0,"17":0,"18":0,"19":0,"20":0},"f":{"0":0},"b":{}}
,"D:\\attendance-frontend\\src\\store\\builders\\auth\\auth.builder.ts": {"path":"D:\\attendance-frontend\\src\\store\\builders\\auth\\auth.builder.ts","statementMap":{"0":{"start":{"line":1,"column":0},"end":{"line":1,"column":52}},"1":{"start":{"line":2,"column":0},"end":{"line":2,"column":39}},"2":{"start":{"line":3,"column":0},"end":{"line":3,"column":48}},"3":{"start":{"line":4,"column":0},"end":{"line":4,"column":60}},"4":{"start":{"line":18,"column":15},"end":{"line":24,"column":2}},"5":{"start":{"line":27,"column":13},"end":{"line":79,"column":2}},"6":{"start":{"line":31,"column":17},"end":{"line":34,"column":null}},"7":{"start":{"line":36,"column":4},"end":{"line":77,"column":5}},"8":{"start":{"line":37,"column":38},"end":{"line":40,"column":null}},"9":{"start":{"line":43,"column":6},"end":{"line":43,"column":null}},"10":{"start":{"line":45,"column":23},"end":{"line":45,"column":47}},"11":{"start":{"line":47,"column":6},"end":{"line":62,"column":7}},"12":{"start":{"line":49,"column":8},"end":{"line":55,"column":9}},"13":{"start":{"line":51,"column":10},"end":{"line":51,"column":32}},"14":{"start":{"line":53,"column":10},"end":{"line":53,"column":null}},"15":{"start":{"line":54,"column":10},"end":{"line":54,"column":33}},"16":{"start":{"line":58,"column":8},"end":{"line":61,"column":null}},"17":{"start":{"line":66,"column":23},"end":{"line":66,"column":99}},"18":{"start":{"line":68,"column":6},"end":{"line":68,"column":22}},"19":{"start":{"line":71,"column":27},"end":{"line":71,"column":80}},"20":{"start":{"line":73,"column":6},"end":{"line":76,"column":9}}},"fnMap":{"0":{"name":"(anonymous_1)","decl":{"start":{"line":29,"column":2},"end":{"line":29,"column":7}},"loc":{"start":{"line":29,"column":63},"end":{"line":78,"column":3}}}},"branchMap":{"0":{"loc":{"start":{"line":47,"column":6},"end":{"line":62,"column":7}},"type":"if","locations":[{"start":{"line":47,"column":6},"end":{"line":62,"column":7}}]},"1":{"loc":{"start":{"line":49,"column":8},"end":{"line":55,"column":9}},"type":"if","locations":[{"start":{"line":49,"column":8},"end":{"line":55,"column":9}},{"start":{"line":52,"column":15},"end":{"line":55,"column":9}}]},"2":{"loc":{"start":{"line":71,"column":27},"end":{"line":71,"column":80}},"type":"binary-expr","locations":[{"start":{"line":71,"column":27},"end":{"line":71,"column":57}},{"start":{"line":71,"column":61},"end":{"line":71,"column":80}}]}},"s":{"0":1,"1":1,"2":1,"3":1,"4":1,"5":1,"6":3,"7":3,"8":3,"9":2,"10":2,"11":2,"12":2,"13":1,"14":1,"15":1,"16":2,"17":2,"18":2,"19":1,"20":1},"f":{"0":3},"b":{"0":[2],"1":[1,1],"2":[1,0]}}
,"D:\\attendance-frontend\\src\\store\\builders\\employee\\employee.builder.ts": {"path":"D:\\attendance-frontend\\src\\store\\builders\\employee\\employee.builder.ts","statementMap":{"0":{"start":{"line":1,"column":0},"end":{"line":1,"column":52}},"1":{"start":{"line":2,"column":0},"end":{"line":2,"column":39}},"2":{"start":{"line":3,"column":0},"end":{"line":3,"column":48}},"3":{"start":{"line":45,"column":15},"end":{"line":51,"column":2}},"4":{"start":{"line":53,"column":13},"end":{"line":99,"column":null}},"5":{"start":{"line":54,"column":78},"end":{"line":54,"column":84}},"6":{"start":{"line":58,"column":25},"end":{"line":69,"column":null}},"7":{"start":{"line":71,"column":4},"end":{"line":96,"column":5}},"8":{"start":{"line":72,"column":49},"end":{"line":75,"column":null}},"9":{"start":{"line":78,"column":8},"end":{"line":84,"column":9}},"10":{"start":{"line":79,"column":12},"end":{"line":79,"column":null}},"11":{"start":{"line":80,"column":12},"end":{"line":83,"column":null}},"12":{"start":{"line":90,"column":29},"end":{"line":90,"column":82}},"13":{"start":{"line":92,"column":8},"end":{"line":95,"column":11}},"14":{"start":{"line":118,"column":13},"end":{"line":158,"column":2}},"15":{"start":{"line":121,"column":8},"end":{"line":156,"column":9}},"16":{"start":{"line":123,"column":24},"end":{"line":123,"column":26}},"17":{"start":{"line":124,"column":12},"end":{"line":130,"column":13}},"18":{"start":{"line":125,"column":16},"end":{"line":125,"column":65}},"19":{"start":{"line":126,"column":19},"end":{"line":130,"column":13}},"20":{"start":{"line":127,"column":16},"end":{"line":127,"column":43}},"21":{"start":{"line":128,"column":19},"end":{"line":130,"column":13}},"22":{"start":{"line":129,"column":16},"end":{"line":129,"column":49}},"23":{"start":{"line":133,"column":29},"end":{"line":133,"column":75}},"24":{"start":{"line":135,"column":12},"end":{"line":140,"column":13}},"25":{"start":{"line":136,"column":16},"end":{"line":139,"column":19}},"26":{"start":{"line":142,"column":35},"end":{"line":145,"column":15}},"27":{"start":{"line":142,"column":94},"end":{"line":145,"column":14}},"28":{"start":{"line":147,"column":12},"end":{"line":147,"column":34}},"29":{"start":{"line":149,"column":31},"end":{"line":149,"column":51}},"30":{"start":{"line":150,"column":33},"end":{"line":150,"column":91}},"31":{"start":{"line":151,"column":12},"end":{"line":154,"column":15}},"32":{"start":{"line":155,"column":12},"end":{"line":155,"column":24}},"33":{"start":{"line":162,"column":13},"end":{"line":188,"column":null}},"34":{"start":{"line":164,"column":4},"end":{"line":185,"column":5}},"35":{"start":{"line":165,"column":25},"end":{"line":165,"column":76}},"36":{"start":{"line":167,"column":8},"end":{"line":172,"column":9}},"37":{"start":{"line":168,"column":12},"end":{"line":171,"column":null}},"38":{"start":{"line":174,"column":31},"end":{"line":174,"column":127}},"39":{"start":{"line":174,"column":90},"end":{"line":174,"column":125}},"40":{"start":{"line":176,"column":8},"end":{"line":176,"column":30}},"41":{"start":{"line":179,"column":29},"end":{"line":179,"column":82}},"42":{"start":{"line":181,"column":8},"end":{"line":184,"column":11}},"43":{"start":{"line":191,"column":13},"end":{"line":230,"column":null}},"44":{"start":{"line":193,"column":93},"end":{"line":193,"column":99}},"45":{"start":{"line":195,"column":25},"end":{"line":207,"column":null}},"46":{"start":{"line":209,"column":4},"end":{"line":228,"column":5}},"47":{"start":{"line":210,"column":25},"end":{"line":210,"column":87}},"48":{"start":{"line":211,"column":8},"end":{"line":216,"column":9}},"49":{"start":{"line":212,"column":12},"end":{"line":215,"column":null}},"50":{"start":{"line":218,"column":8},"end":{"line":218,"column":null}},"51":{"start":{"line":222,"column":29},"end":{"line":222,"column":82}},"52":{"start":{"line":224,"column":8},"end":{"line":227,"column":11}},"53":{"start":{"line":239,"column":13},"end":{"line":262,"column":null}},"54":{"start":{"line":241,"column":4},"end":{"line":260,"column":5}},"55":{"start":{"line":242,"column":25},"end":{"line":242,"column":65}},"56":{"start":{"line":243,"column":8},"end":{"line":248,"column":9}},"57":{"start":{"line":244,"column":12},"end":{"line":247,"column":null}},"58":{"start":{"line":250,"column":8},"end":{"line":250,"column":null}},"59":{"start":{"line":254,"column":29},"end":{"line":254,"column":82}},"60":{"start":{"line":256,"column":8},"end":{"line":259,"column":11}},"61":{"start":{"line":271,"column":13},"end":{"line":297,"column":null}},"62":{"start":{"line":274,"column":18},"end":{"line":274,"column":35}},"63":{"start":{"line":276,"column":4},"end":{"line":295,"column":5}},"64":{"start":{"line":277,"column":25},"end":{"line":277,"column":71}},"65":{"start":{"line":278,"column":8},"end":{"line":283,"column":9}},"66":{"start":{"line":279,"column":12},"end":{"line":282,"column":null}},"67":{"start":{"line":285,"column":8},"end":{"line":285,"column":null}},"68":{"start":{"line":289,"column":29},"end":{"line":289,"column":82}},"69":{"start":{"line":291,"column":8},"end":{"line":294,"column":11}},"70":{"start":{"line":300,"column":13},"end":{"line":333,"column":null}},"71":{"start":{"line":304,"column":4},"end":{"line":330,"column":5}},"72":{"start":{"line":306,"column":8},"end":{"line":319,"column":9}},"73":{"start":{"line":307,"column":29},"end":{"line":307,"column":83}},"74":{"start":{"line":309,"column":12},"end":{"line":314,"column":13}},"75":{"start":{"line":310,"column":16},"end":{"line":313,"column":null}},"76":{"start":{"line":316,"column":35},"end":{"line":316,"column":131}},"77":{"start":{"line":316,"column":94},"end":{"line":316,"column":129}},"78":{"start":{"line":318,"column":12},"end":{"line":318,"column":34}},"79":{"start":{"line":324,"column":29},"end":{"line":324,"column":82}},"80":{"start":{"line":326,"column":8},"end":{"line":329,"column":11}}},"fnMap":{"0":{"name":"(anonymous_1)","decl":{"start":{"line":53,"column":71},"end":{"line":53,"column":76}},"loc":{"start":{"line":53,"column":135},"end":{"line":99,"column":1}}},"1":{"name":"(anonymous_2)","decl":{"start":{"line":120,"column":4},"end":{"line":120,"column":9}},"loc":{"start":{"line":120,"column":56},"end":{"line":157,"column":5}}},"2":{"name":"(anonymous_3)","decl":{"start":{"line":142,"column":60},"end":{"line":142,"column":61}},"loc":{"start":{"line":142,"column":94},"end":{"line":145,"column":14}}},"3":{"name":"(anonymous_4)","decl":{"start":{"line":162,"column":77},"end":{"line":162,"column":82}},"loc":{"start":{"line":162,"column":98},"end":{"line":188,"column":1}}},"4":{"name":"(anonymous_5)","decl":{"start":{"line":174,"column":56},"end":{"line":174,"column":57}},"loc":{"start":{"line":174,"column":90},"end":{"line":174,"column":125}}},"5":{"name":"(anonymous_6)","decl":{"start":{"line":191,"column":78},"end":{"line":191,"column":83}},"loc":{"start":{"line":191,"column":161},"end":{"line":230,"column":1}}},"6":{"name":"(anonymous_7)","decl":{"start":{"line":239,"column":78},"end":{"line":239,"column":83}},"loc":{"start":{"line":239,"column":151},"end":{"line":262,"column":1}}},"7":{"name":"(anonymous_8)","decl":{"start":{"line":271,"column":86},"end":{"line":271,"column":91}},"loc":{"start":{"line":271,"column":124},"end":{"line":297,"column":1}}},"8":{"name":"(anonymous_9)","decl":{"start":{"line":300,"column":68},"end":{"line":300,"column":73}},"loc":{"start":{"line":300,"column":92},"end":{"line":333,"column":1}}},"9":{"name":"(anonymous_10)","decl":{"start":{"line":316,"column":60},"end":{"line":316,"column":61}},"loc":{"start":{"line":316,"column":94},"end":{"line":316,"column":129}}}},"branchMap":{"0":{"loc":{"start":{"line":78,"column":8},"end":{"line":84,"column":9}},"type":"if","locations":[{"start":{"line":78,"column":8},"end":{"line":84,"column":9}}]},"1":{"loc":{"start":{"line":90,"column":29},"end":{"line":90,"column":82}},"type":"binary-expr","locations":[{"start":{"line":90,"column":29},"end":{"line":90,"column":59}},{"start":{"line":90,"column":63},"end":{"line":90,"column":82}}]},"2":{"loc":{"start":{"line":124,"column":12},"end":{"line":130,"column":13}},"type":"if","locations":[{"start":{"line":124,"column":12},"end":{"line":130,"column":13}},{"start":{"line":126,"column":19},"end":{"line":130,"column":13}}]},"3":{"loc":{"start":{"line":124,"column":16},"end":{"line":124,"column":33}},"type":"binary-expr","locations":[{"start":{"line":124,"column":16},"end":{"line":124,"column":21}},{"start":{"line":124,"column":25},"end":{"line":124,"column":33}}]},"4":{"loc":{"start":{"line":126,"column":19},"end":{"line":130,"column":13}},"type":"if","locations":[{"start":{"line":126,"column":19},"end":{"line":130,"column":13}},{"start":{"line":128,"column":19},"end":{"line":130,"column":13}}]},"5":{"loc":{"start":{"line":128,"column":19},"end":{"line":130,"column":13}},"type":"if","locations":[{"start":{"line":128,"column":19},"end":{"line":130,"column":13}}]},"6":{"loc":{"start":{"line":135,"column":12},"end":{"line":140,"column":13}},"type":"if","locations":[{"start":{"line":135,"column":12},"end":{"line":140,"column":13}}]},"7":{"loc":{"start":{"line":150,"column":33},"end":{"line":150,"column":91}},"type":"binary-expr","locations":[{"start":{"line":150,"column":33},"end":{"line":150,"column":68}},{"start":{"line":150,"column":72},"end":{"line":150,"column":91}}]},"8":{"loc":{"start":{"line":167,"column":8},"end":{"line":172,"column":9}},"type":"if","locations":[{"start":{"line":167,"column":8},"end":{"line":172,"column":9}}]},"9":{"loc":{"start":{"line":179,"column":29},"end":{"line":179,"column":82}},"type":"binary-expr","locations":[{"start":{"line":179,"column":29},"end":{"line":179,"column":59}},{"start":{"line":179,"column":63},"end":{"line":179,"column":82}}]},"10":{"loc":{"start":{"line":211,"column":8},"end":{"line":216,"column":9}},"type":"if","locations":[{"start":{"line":211,"column":8},"end":{"line":216,"column":9}}]},"11":{"loc":{"start":{"line":222,"column":29},"end":{"line":222,"column":82}},"type":"binary-expr","locations":[{"start":{"line":222,"column":29},"end":{"line":222,"column":59}},{"start":{"line":222,"column":63},"end":{"line":222,"column":82}}]},"12":{"loc":{"start":{"line":243,"column":8},"end":{"line":248,"column":9}},"type":"if","locations":[{"start":{"line":243,"column":8},"end":{"line":248,"column":9}}]},"13":{"loc":{"start":{"line":254,"column":29},"end":{"line":254,"column":82}},"type":"binary-expr","locations":[{"start":{"line":254,"column":29},"end":{"line":254,"column":59}},{"start":{"line":254,"column":63},"end":{"line":254,"column":82}}]},"14":{"loc":{"start":{"line":278,"column":8},"end":{"line":283,"column":9}},"type":"if","locations":[{"start":{"line":278,"column":8},"end":{"line":283,"column":9}}]},"15":{"loc":{"start":{"line":289,"column":29},"end":{"line":289,"column":82}},"type":"binary-expr","locations":[{"start":{"line":289,"column":29},"end":{"line":289,"column":59}},{"start":{"line":289,"column":63},"end":{"line":289,"column":82}}]},"16":{"loc":{"start":{"line":306,"column":8},"end":{"line":319,"column":9}},"type":"if","locations":[{"start":{"line":306,"column":8},"end":{"line":319,"column":9}}]},"17":{"loc":{"start":{"line":309,"column":12},"end":{"line":314,"column":13}},"type":"if","locations":[{"start":{"line":309,"column":12},"end":{"line":314,"column":13}}]},"18":{"loc":{"start":{"line":324,"column":29},"end":{"line":324,"column":82}},"type":"binary-expr","locations":[{"start":{"line":324,"column":29},"end":{"line":324,"column":59}},{"start":{"line":324,"column":63},"end":{"line":324,"column":82}}]}},"s":{"0":1,"1":1,"2":1,"3":1,"4":1,"5":2,"6":2,"7":2,"8":2,"9":1,"10":1,"11":1,"12":1,"13":1,"14":1,"15":7,"16":7,"17":7,"18":2,"19":5,"20":2,"21":3,"22":1,"23":7,"24":5,"25":5,"26":5,"27":5,"28":5,"29":2,"30":2,"31":2,"32":2,"33":1,"34":1,"35":1,"36":1,"37":1,"38":1,"39":1,"40":1,"41":0,"42":0,"43":1,"44":1,"45":1,"46":1,"47":1,"48":1,"49":1,"50":1,"51":0,"52":0,"53":1,"54":3,"55":3,"56":1,"57":1,"58":1,"59":2,"60":2,"61":1,"62":1,"63":1,"64":1,"65":1,"66":1,"67":1,"68":0,"69":0,"70":1,"71":0,"72":0,"73":0,"74":0,"75":0,"76":0,"77":0,"78":0,"79":0,"80":0},"f":{"0":2,"1":7,"2":5,"3":1,"4":1,"5":1,"6":3,"7":1,"8":0,"9":0},"b":{"0":[1],"1":[1,0],"2":[2,5],"3":[7,4],"4":[2,3],"5":[1],"6":[5],"7":[2,0],"8":[1],"9":[0,0],"10":[1],"11":[0,0],"12":[1],"13":[2,1],"14":[1],"15":[0,0],"16":[0],"17":[0],"18":[0,0]}}
,"D:\\attendance-frontend\\src\\store\\builders\\office\\office.builder.ts": {"path":"D:\\attendance-frontend\\src\\store\\builders\\office\\office.builder.ts","statementMap":{"0":{"start":{"line":1,"column":0},"end":{"line":1,"column":52}},"1":{"start":{"line":2,"column":0},"end":{"line":2,"column":39}},"2":{"start":{"line":3,"column":0},"end":{"line":3,"column":48}},"3":{"start":{"line":46,"column":15},"end":{"line":52,"column":2}},"4":{"start":{"line":55,"column":13},"end":{"line":99,"column":null}},"5":{"start":{"line":57,"column":109},"end":{"line":57,"column":115}},"6":{"start":{"line":59,"column":23},"end":{"line":70,"column":null}},"7":{"start":{"line":73,"column":4},"end":{"line":96,"column":5}},"8":{"start":{"line":74,"column":49},"end":{"line":77,"column":null}},"9":{"start":{"line":80,"column":8},"end":{"line":86,"column":9}},"10":{"start":{"line":81,"column":12},"end":{"line":81,"column":null}},"11":{"start":{"line":82,"column":12},"end":{"line":85,"column":null}},"12":{"start":{"line":90,"column":29},"end":{"line":90,"column":82}},"13":{"start":{"line":92,"column":8},"end":{"line":95,"column":11}},"14":{"start":{"line":102,"column":13},"end":{"line":128,"column":null}},"15":{"start":{"line":104,"column":18},"end":{"line":104,"column":56}},"16":{"start":{"line":106,"column":4},"end":{"line":127,"column":5}},"17":{"start":{"line":107,"column":25},"end":{"line":107,"column":74}},"18":{"start":{"line":108,"column":8},"end":{"line":113,"column":9}},"19":{"start":{"line":109,"column":12},"end":{"line":112,"column":null}},"20":{"start":{"line":115,"column":31},"end":{"line":117,"column":52}},"21":{"start":{"line":117,"column":15},"end":{"line":117,"column":50}},"22":{"start":{"line":119,"column":8},"end":{"line":119,"column":30}},"23":{"start":{"line":121,"column":29},"end":{"line":121,"column":82}},"24":{"start":{"line":123,"column":8},"end":{"line":126,"column":11}},"25":{"start":{"line":131,"column":13},"end":{"line":155,"column":null}},"26":{"start":{"line":133,"column":15},"end":{"line":133,"column":23}},"27":{"start":{"line":135,"column":4},"end":{"line":154,"column":5}},"28":{"start":{"line":136,"column":25},"end":{"line":136,"column":60}},"29":{"start":{"line":137,"column":8},"end":{"line":142,"column":9}},"30":{"start":{"line":138,"column":12},"end":{"line":141,"column":null}},"31":{"start":{"line":145,"column":8},"end":{"line":145,"column":36}},"32":{"start":{"line":148,"column":29},"end":{"line":148,"column":82}},"33":{"start":{"line":150,"column":8},"end":{"line":153,"column":11}},"34":{"start":{"line":157,"column":13},"end":{"line":198,"column":null}},"35":{"start":{"line":159,"column":117},"end":{"line":159,"column":123}},"36":{"start":{"line":162,"column":23},"end":{"line":174,"column":null}},"37":{"start":{"line":176,"column":15},"end":{"line":176,"column":23}},"38":{"start":{"line":178,"column":4},"end":{"line":197,"column":5}},"39":{"start":{"line":179,"column":25},"end":{"line":179,"column":80}},"40":{"start":{"line":180,"column":8},"end":{"line":185,"column":9}},"41":{"start":{"line":181,"column":12},"end":{"line":184,"column":null}},"42":{"start":{"line":187,"column":8},"end":{"line":187,"column":null}},"43":{"start":{"line":191,"column":29},"end":{"line":191,"column":82}},"44":{"start":{"line":193,"column":8},"end":{"line":196,"column":11}},"45":{"start":{"line":203,"column":13},"end":{"line":226,"column":null}},"46":{"start":{"line":205,"column":4},"end":{"line":224,"column":5}},"47":{"start":{"line":206,"column":25},"end":{"line":206,"column":63}},"48":{"start":{"line":207,"column":8},"end":{"line":212,"column":9}},"49":{"start":{"line":208,"column":12},"end":{"line":211,"column":null}},"50":{"start":{"line":214,"column":8},"end":{"line":214,"column":null}},"51":{"start":{"line":218,"column":29},"end":{"line":218,"column":82}},"52":{"start":{"line":220,"column":8},"end":{"line":223,"column":11}}},"fnMap":{"0":{"name":"(anonymous_1)","decl":{"start":{"line":55,"column":65},"end":{"line":55,"column":70}},"loc":{"start":{"line":55,"column":110},"end":{"line":99,"column":1}}},"1":{"name":"(anonymous_2)","decl":{"start":{"line":102,"column":67},"end":{"line":102,"column":72}},"loc":{"start":{"line":102,"column":78},"end":{"line":128,"column":1}}},"2":{"name":"(anonymous_3)","decl":{"start":{"line":115,"column":56},"end":{"line":115,"column":57}},"loc":{"start":{"line":117,"column":15},"end":{"line":117,"column":50}}},"3":{"name":"(anonymous_4)","decl":{"start":{"line":131,"column":68},"end":{"line":131,"column":73}},"loc":{"start":{"line":131,"column":95},"end":{"line":155,"column":1}}},"4":{"name":"(anonymous_5)","decl":{"start":{"line":157,"column":72},"end":{"line":157,"column":77}},"loc":{"start":{"line":157,"column":127},"end":{"line":198,"column":1}}},"5":{"name":"(anonymous_6)","decl":{"start":{"line":203,"column":72},"end":{"line":203,"column":77}},"loc":{"start":{"line":203,"column":107},"end":{"line":226,"column":1}}}},"branchMap":{"0":{"loc":{"start":{"line":80,"column":8},"end":{"line":86,"column":9}},"type":"if","locations":[{"start":{"line":80,"column":8},"end":{"line":86,"column":9}}]},"1":{"loc":{"start":{"line":90,"column":29},"end":{"line":90,"column":82}},"type":"binary-expr","locations":[{"start":{"line":90,"column":29},"end":{"line":90,"column":59}},{"start":{"line":90,"column":63},"end":{"line":90,"column":82}}]},"2":{"loc":{"start":{"line":108,"column":8},"end":{"line":113,"column":9}},"type":"if","locations":[{"start":{"line":108,"column":8},"end":{"line":113,"column":9}}]},"3":{"loc":{"start":{"line":121,"column":29},"end":{"line":121,"column":82}},"type":"binary-expr","locations":[{"start":{"line":121,"column":29},"end":{"line":121,"column":59}},{"start":{"line":121,"column":63},"end":{"line":121,"column":82}}]},"4":{"loc":{"start":{"line":137,"column":8},"end":{"line":142,"column":9}},"type":"if","locations":[{"start":{"line":137,"column":8},"end":{"line":142,"column":9}}]},"5":{"loc":{"start":{"line":148,"column":29},"end":{"line":148,"column":82}},"type":"binary-expr","locations":[{"start":{"line":148,"column":29},"end":{"line":148,"column":59}},{"start":{"line":148,"column":63},"end":{"line":148,"column":82}}]},"6":{"loc":{"start":{"line":180,"column":8},"end":{"line":185,"column":9}},"type":"if","locations":[{"start":{"line":180,"column":8},"end":{"line":185,"column":9}}]},"7":{"loc":{"start":{"line":191,"column":29},"end":{"line":191,"column":82}},"type":"binary-expr","locations":[{"start":{"line":191,"column":29},"end":{"line":191,"column":59}},{"start":{"line":191,"column":63},"end":{"line":191,"column":82}}]},"8":{"loc":{"start":{"line":207,"column":8},"end":{"line":212,"column":9}},"type":"if","locations":[{"start":{"line":207,"column":8},"end":{"line":212,"column":9}}]},"9":{"loc":{"start":{"line":218,"column":29},"end":{"line":218,"column":82}},"type":"binary-expr","locations":[{"start":{"line":218,"column":29},"end":{"line":218,"column":59}},{"start":{"line":218,"column":63},"end":{"line":218,"column":82}}]}},"s":{"0":1,"1":1,"2":1,"3":1,"4":1,"5":2,"6":2,"7":2,"8":2,"9":1,"10":1,"11":1,"12":1,"13":1,"14":1,"15":4,"16":4,"17":4,"18":4,"19":4,"20":4,"21":2,"22":2,"23":2,"24":2,"25":1,"26":2,"27":2,"28":2,"29":2,"30":2,"31":2,"32":0,"33":0,"34":1,"35":2,"36":2,"37":2,"38":2,"39":2,"40":2,"41":0,"42":0,"43":2,"44":2,"45":1,"46":2,"47":2,"48":2,"49":2,"50":2,"51":0,"52":0},"f":{"0":2,"1":4,"2":2,"3":2,"4":2,"5":2},"b":{"0":[1],"1":[1,0],"2":[4],"3":[2,2],"4":[2],"5":[0,0],"6":[0],"7":[2,2],"8":[2],"9":[0,0]}}
,"D:\\attendance-frontend\\src\\store\\builders\\plan\\plan.builder.ts": {"path":"D:\\attendance-frontend\\src\\store\\builders\\plan\\plan.builder.ts","statementMap":{"0":{"start":{"line":1,"column":0},"end":{"line":1,"column":52}},"1":{"start":{"line":2,"column":0},"end":{"line":2,"column":39}},"2":{"start":{"line":3,"column":0},"end":{"line":3,"column":48}},"3":{"start":{"line":6,"column":13},"end":{"line":28,"column":null}},"4":{"start":{"line":8,"column":4},"end":{"line":27,"column":5}},"5":{"start":{"line":9,"column":25},"end":{"line":9,"column":54}},"6":{"start":{"line":10,"column":8},"end":{"line":15,"column":9}},"7":{"start":{"line":11,"column":12},"end":{"line":14,"column":null}},"8":{"start":{"line":21,"column":29},"end":{"line":21,"column":82}},"9":{"start":{"line":23,"column":8},"end":{"line":26,"column":11}}},"fnMap":{"0":{"name":"(anonymous_1)","decl":{"start":{"line":6,"column":64},"end":{"line":6,"column":69}},"loc":{"start":{"line":6,"column":75},"end":{"line":28,"column":1}}}},"branchMap":{"0":{"loc":{"start":{"line":10,"column":8},"end":{"line":15,"column":9}},"type":"if","locations":[{"start":{"line":10,"column":8},"end":{"line":15,"column":9}}]},"1":{"loc":{"start":{"line":21,"column":29},"end":{"line":21,"column":82}},"type":"binary-expr","locations":[{"start":{"line":21,"column":29},"end":{"line":21,"column":59}},{"start":{"line":21,"column":63},"end":{"line":21,"column":82}}]}},"s":{"0":1,"1":1,"2":1,"3":1,"4":5,"5":5,"6":3,"7":3,"8":2,"9":2},"f":{"0":5},"b":{"0":[3],"1":[2,1]}}
,"D:\\attendance-frontend\\src\\store\\slices\\employee\\employee.slice.ts": {"path":"D:\\attendance-frontend\\src\\store\\slices\\employee\\employee.slice.ts","statementMap":{"0":{"start":{"line":1,"column":0},"end":{"line":1,"column":47}},"1":{"start":{"line":2,"column":0},"end":{"line":2,"column":163}},"2":{"start":{"line":6,"column":21},"end":{"line":11,"column":null}},"3":{"start":{"line":14,"column":22},"end":{"line":97,"column":2}},"4":{"start":{"line":19,"column":12},"end":{"line":19,"column":null}},"5":{"start":{"line":22,"column":12},"end":{"line":22,"column":null}},"6":{"start":{"line":25,"column":12},"end":{"line":25,"column":null}},"7":{"start":{"line":26,"column":12},"end":{"line":26,"column":null}},"8":{"start":{"line":27,"column":12},"end":{"line":27,"column":null}},"9":{"start":{"line":32,"column":8},"end":{"line":34,"column":null}},"10":{"start":{"line":33,"column":12},"end":{"line":33,"column":33}},"11":{"start":{"line":35,"column":8},"end":{"line":37,"column":null}},"12":{"start":{"line":36,"column":12},"end":{"line":36,"column":34}},"13":{"start":{"line":38,"column":8},"end":{"line":40,"column":null}},"14":{"start":{"line":39,"column":12},"end":{"line":39,"column":34}},"15":{"start":{"line":42,"column":8},"end":{"line":44,"column":null}},"16":{"start":{"line":43,"column":12},"end":{"line":43,"column":33}},"17":{"start":{"line":45,"column":8},"end":{"line":48,"column":null}},"18":{"start":{"line":46,"column":12},"end":{"line":46,"column":34}},"19":{"start":{"line":47,"column":12},"end":{"line":47,"column":null}},"20":{"start":{"line":49,"column":8},"end":{"line":51,"column":null}},"21":{"start":{"line":50,"column":12},"end":{"line":50,"column":34}},"22":{"start":{"line":53,"column":8},"end":{"line":55,"column":null}},"23":{"start":{"line":54,"column":12},"end":{"line":54,"column":33}},"24":{"start":{"line":56,"column":8},"end":{"line":59,"column":null}},"25":{"start":{"line":57,"column":12},"end":{"line":57,"column":34}},"26":{"start":{"line":58,"column":12},"end":{"line":58,"column":null}},"27":{"start":{"line":60,"column":8},"end":{"line":62,"column":null}},"28":{"start":{"line":61,"column":12},"end":{"line":61,"column":34}},"29":{"start":{"line":64,"column":8},"end":{"line":66,"column":null}},"30":{"start":{"line":65,"column":12},"end":{"line":65,"column":33}},"31":{"start":{"line":67,"column":8},"end":{"line":69,"column":null}},"32":{"start":{"line":68,"column":12},"end":{"line":68,"column":34}},"33":{"start":{"line":70,"column":8},"end":{"line":72,"column":null}},"34":{"start":{"line":71,"column":12},"end":{"line":71,"column":34}},"35":{"start":{"line":74,"column":8},"end":{"line":76,"column":null}},"36":{"start":{"line":75,"column":12},"end":{"line":75,"column":33}},"37":{"start":{"line":77,"column":8},"end":{"line":80,"column":null}},"38":{"start":{"line":78,"column":12},"end":{"line":78,"column":34}},"39":{"start":{"line":79,"column":12},"end":{"line":79,"column":null}},"40":{"start":{"line":81,"column":8},"end":{"line":83,"column":null}},"41":{"start":{"line":82,"column":12},"end":{"line":82,"column":34}},"42":{"start":{"line":85,"column":8},"end":{"line":87,"column":null}},"43":{"start":{"line":86,"column":12},"end":{"line":86,"column":33}},"44":{"start":{"line":88,"column":8},"end":{"line":91,"column":null}},"45":{"start":{"line":89,"column":12},"end":{"line":89,"column":34}},"46":{"start":{"line":90,"column":12},"end":{"line":90,"column":null}},"47":{"start":{"line":92,"column":8},"end":{"line":94,"column":null}},"48":{"start":{"line":93,"column":12},"end":{"line":93,"column":34}},"49":{"start":{"line":100,"column":13},"end":{"line":100,"column":81}},"50":{"start":{"line":101,"column":0},"end":{"line":101,"column":null}}},"fnMap":{"0":{"name":"(anonymous_0)","decl":{"start":{"line":18,"column":31},"end":{"line":18,"column":32}},"loc":{"start":{"line":18,"column":49},"end":{"line":20,"column":9}}},"1":{"name":"(anonymous_1)","decl":{"start":{"line":21,"column":28},"end":{"line":21,"column":29}},"loc":{"start":{"line":21,"column":46},"end":{"line":23,"column":9}}},"2":{"name":"(anonymous_2)","decl":{"start":{"line":24,"column":28},"end":{"line":24,"column":29}},"loc":{"start":{"line":24,"column":38},"end":{"line":28,"column":9}}},"3":{"name":"(anonymous_3)","decl":{"start":{"line":30,"column":19},"end":{"line":30,"column":20}},"loc":{"start":{"line":30,"column":31},"end":{"line":96,"column":5}}},"4":{"name":"(anonymous_4)","decl":{"start":{"line":32,"column":48},"end":{"line":32,"column":49}},"loc":{"start":{"line":32,"column":58},"end":{"line":34,"column":9}}},"5":{"name":"(anonymous_5)","decl":{"start":{"line":35,"column":50},"end":{"line":35,"column":51}},"loc":{"start":{"line":35,"column":60},"end":{"line":37,"column":9}}},"6":{"name":"(anonymous_6)","decl":{"start":{"line":38,"column":49},"end":{"line":38,"column":50}},"loc":{"start":{"line":38,"column":59},"end":{"line":40,"column":9}}},"7":{"name":"(anonymous_7)","decl":{"start":{"line":42,"column":49},"end":{"line":42,"column":50}},"loc":{"start":{"line":42,"column":59},"end":{"line":44,"column":9}}},"8":{"name":"(anonymous_8)","decl":{"start":{"line":45,"column":51},"end":{"line":45,"column":52}},"loc":{"start":{"line":45,"column":69},"end":{"line":48,"column":9}}},"9":{"name":"(anonymous_9)","decl":{"start":{"line":49,"column":50},"end":{"line":49,"column":51}},"loc":{"start":{"line":49,"column":60},"end":{"line":51,"column":9}}},"10":{"name":"(anonymous_10)","decl":{"start":{"line":53,"column":49},"end":{"line":53,"column":50}},"loc":{"start":{"line":53,"column":59},"end":{"line":55,"column":9}}},"11":{"name":"(anonymous_11)","decl":{"start":{"line":56,"column":51},"end":{"line":56,"column":52}},"loc":{"start":{"line":56,"column":69},"end":{"line":59,"column":9}}},"12":{"name":"(anonymous_12)","decl":{"start":{"line":60,"column":50},"end":{"line":60,"column":51}},"loc":{"start":{"line":60,"column":60},"end":{"line":62,"column":9}}},"13":{"name":"(anonymous_13)","decl":{"start":{"line":64,"column":52},"end":{"line":64,"column":53}},"loc":{"start":{"line":64,"column":62},"end":{"line":66,"column":9}}},"14":{"name":"(anonymous_14)","decl":{"start":{"line":67,"column":54},"end":{"line":67,"column":55}},"loc":{"start":{"line":67,"column":64},"end":{"line":69,"column":9}}},"15":{"name":"(anonymous_15)","decl":{"start":{"line":70,"column":53},"end":{"line":70,"column":54}},"loc":{"start":{"line":70,"column":63},"end":{"line":72,"column":9}}},"16":{"name":"(anonymous_16)","decl":{"start":{"line":74,"column":54},"end":{"line":74,"column":55}},"loc":{"start":{"line":74,"column":64},"end":{"line":76,"column":9}}},"17":{"name":"(anonymous_17)","decl":{"start":{"line":77,"column":56},"end":{"line":77,"column":57}},"loc":{"start":{"line":77,"column":74},"end":{"line":80,"column":9}}},"18":{"name":"(anonymous_18)","decl":{"start":{"line":81,"column":55},"end":{"line":81,"column":56}},"loc":{"start":{"line":81,"column":65},"end":{"line":83,"column":9}}},"19":{"name":"(anonymous_19)","decl":{"start":{"line":85,"column":45},"end":{"line":85,"column":46}},"loc":{"start":{"line":85,"column":55},"end":{"line":87,"column":9}}},"20":{"name":"(anonymous_20)","decl":{"start":{"line":88,"column":47},"end":{"line":88,"column":48}},"loc":{"start":{"line":88,"column":65},"end":{"line":91,"column":9}}},"21":{"name":"(anonymous_21)","decl":{"start":{"line":92,"column":46},"end":{"line":92,"column":47}},"loc":{"start":{"line":92,"column":56},"end":{"line":94,"column":9}}}},"branchMap":{},"s":{"0":0,"1":0,"2":0,"3":0,"4":0,"5":0,"6":0,"7":0,"8":0,"9":0,"10":0,"11":0,"12":0,"13":0,"14":0,"15":0,"16":0,"17":0,"18":0,"19":0,"20":0,"21":0,"22":0,"23":0,"24":0,"25":0,"26":0,"27":0,"28":0,"29":0,"30":0,"31":0,"32":0,"33":0,"34":0,"35":0,"36":0,"37":0,"38":0,"39":0,"40":0,"41":0,"42":0,"43":0,"44":0,"45":0,"46":0,"47":0,"48":0,"49":0,"50":0},"f":{"0":0,"1":0,"2":0,"3":0,"4":0,"5":0,"6":0,"7":0,"8":0,"9":0,"10":0,"11":0,"12":0,"13":0,"14":0,"15":0,"16":0,"17":0,"18":0,"19":0,"20":0,"21":0},"b":{}}
,"D:\\attendance-frontend\\src\\store\\slices\\office\\office.slice.ts": {"path":"D:\\attendance-frontend\\src\\store\\slices\\office\\office.slice.ts","statementMap":{"0":{"start":{"line":1,"column":0},"end":{"line":1,"column":47}},"1":{"start":{"line":2,"column":0},"end":{"line":2,"column":135}},"2":{"start":{"line":6,"column":21},"end":{"line":10,"column":null}},"3":{"start":{"line":13,"column":20},"end":{"line":84,"column":2}},"4":{"start":{"line":18,"column":12},"end":{"line":18,"column":null}},"5":{"start":{"line":21,"column":12},"end":{"line":21,"column":null}},"6":{"start":{"line":24,"column":12},"end":{"line":24,"column":null}},"7":{"start":{"line":25,"column":12},"end":{"line":25,"column":null}},"8":{"start":{"line":26,"column":12},"end":{"line":26,"column":null}},"9":{"start":{"line":31,"column":8},"end":{"line":33,"column":null}},"10":{"start":{"line":32,"column":12},"end":{"line":32,"column":33}},"11":{"start":{"line":34,"column":8},"end":{"line":36,"column":null}},"12":{"start":{"line":35,"column":12},"end":{"line":35,"column":34}},"13":{"start":{"line":37,"column":8},"end":{"line":39,"column":null}},"14":{"start":{"line":38,"column":12},"end":{"line":38,"column":34}},"15":{"start":{"line":41,"column":8},"end":{"line":43,"column":null}},"16":{"start":{"line":42,"column":12},"end":{"line":42,"column":33}},"17":{"start":{"line":44,"column":8},"end":{"line":47,"column":null}},"18":{"start":{"line":45,"column":12},"end":{"line":45,"column":34}},"19":{"start":{"line":46,"column":12},"end":{"line":46,"column":null}},"20":{"start":{"line":48,"column":8},"end":{"line":50,"column":null}},"21":{"start":{"line":49,"column":12},"end":{"line":49,"column":34}},"22":{"start":{"line":52,"column":8},"end":{"line":54,"column":null}},"23":{"start":{"line":53,"column":12},"end":{"line":53,"column":33}},"24":{"start":{"line":55,"column":8},"end":{"line":58,"column":null}},"25":{"start":{"line":56,"column":12},"end":{"line":56,"column":34}},"26":{"start":{"line":57,"column":12},"end":{"line":57,"column":null}},"27":{"start":{"line":59,"column":8},"end":{"line":61,"column":null}},"28":{"start":{"line":60,"column":12},"end":{"line":60,"column":34}},"29":{"start":{"line":63,"column":8},"end":{"line":65,"column":null}},"30":{"start":{"line":64,"column":12},"end":{"line":64,"column":33}},"31":{"start":{"line":66,"column":8},"end":{"line":68,"column":null}},"32":{"start":{"line":67,"column":12},"end":{"line":67,"column":34}},"33":{"start":{"line":69,"column":8},"end":{"line":71,"column":null}},"34":{"start":{"line":70,"column":12},"end":{"line":70,"column":34}},"35":{"start":{"line":73,"column":8},"end":{"line":75,"column":null}},"36":{"start":{"line":74,"column":12},"end":{"line":74,"column":33}},"37":{"start":{"line":76,"column":8},"end":{"line":78,"column":null}},"38":{"start":{"line":77,"column":12},"end":{"line":77,"column":34}},"39":{"start":{"line":79,"column":8},"end":{"line":81,"column":null}},"40":{"start":{"line":80,"column":12},"end":{"line":80,"column":34}},"41":{"start":{"line":87,"column":13},"end":{"line":87,"column":77}},"42":{"start":{"line":88,"column":0},"end":{"line":88,"column":null}}},"fnMap":{"0":{"name":"(anonymous_0)","decl":{"start":{"line":17,"column":29},"end":{"line":17,"column":30}},"loc":{"start":{"line":17,"column":47},"end":{"line":19,"column":9}}},"1":{"name":"(anonymous_1)","decl":{"start":{"line":20,"column":26},"end":{"line":20,"column":27}},"loc":{"start":{"line":20,"column":44},"end":{"line":22,"column":9}}},"2":{"name":"(anonymous_2)","decl":{"start":{"line":23,"column":28},"end":{"line":23,"column":29}},"loc":{"start":{"line":23,"column":38},"end":{"line":27,"column":9}}},"3":{"name":"(anonymous_3)","decl":{"start":{"line":29,"column":19},"end":{"line":29,"column":20}},"loc":{"start":{"line":29,"column":31},"end":{"line":83,"column":5}}},"4":{"name":"(anonymous_4)","decl":{"start":{"line":31,"column":46},"end":{"line":31,"column":47}},"loc":{"start":{"line":31,"column":56},"end":{"line":33,"column":9}}},"5":{"name":"(anonymous_5)","decl":{"start":{"line":34,"column":48},"end":{"line":34,"column":49}},"loc":{"start":{"line":34,"column":58},"end":{"line":36,"column":9}}},"6":{"name":"(anonymous_6)","decl":{"start":{"line":37,"column":47},"end":{"line":37,"column":48}},"loc":{"start":{"line":37,"column":57},"end":{"line":39,"column":9}}},"7":{"name":"(anonymous_7)","decl":{"start":{"line":41,"column":47},"end":{"line":41,"column":48}},"loc":{"start":{"line":41,"column":57},"end":{"line":43,"column":9}}},"8":{"name":"(anonymous_8)","decl":{"start":{"line":44,"column":49},"end":{"line":44,"column":50}},"loc":{"start":{"line":44,"column":67},"end":{"line":47,"column":9}}},"9":{"name":"(anonymous_9)","decl":{"start":{"line":48,"column":48},"end":{"line":48,"column":49}},"loc":{"start":{"line":48,"column":58},"end":{"line":50,"column":9}}},"10":{"name":"(anonymous_10)","decl":{"start":{"line":52,"column":48},"end":{"line":52,"column":49}},"loc":{"start":{"line":52,"column":58},"end":{"line":54,"column":9}}},"11":{"name":"(anonymous_11)","decl":{"start":{"line":55,"column":50},"end":{"line":55,"column":51}},"loc":{"start":{"line":55,"column":68},"end":{"line":58,"column":9}}},"12":{"name":"(anonymous_12)","decl":{"start":{"line":59,"column":49},"end":{"line":59,"column":50}},"loc":{"start":{"line":59,"column":59},"end":{"line":61,"column":9}}},"13":{"name":"(anonymous_13)","decl":{"start":{"line":63,"column":50},"end":{"line":63,"column":51}},"loc":{"start":{"line":63,"column":60},"end":{"line":65,"column":9}}},"14":{"name":"(anonymous_14)","decl":{"start":{"line":66,"column":52},"end":{"line":66,"column":53}},"loc":{"start":{"line":66,"column":62},"end":{"line":68,"column":9}}},"15":{"name":"(anonymous_15)","decl":{"start":{"line":69,"column":51},"end":{"line":69,"column":52}},"loc":{"start":{"line":69,"column":61},"end":{"line":71,"column":9}}},"16":{"name":"(anonymous_16)","decl":{"start":{"line":73,"column":50},"end":{"line":73,"column":51}},"loc":{"start":{"line":73,"column":60},"end":{"line":75,"column":9}}},"17":{"name":"(anonymous_17)","decl":{"start":{"line":76,"column":52},"end":{"line":76,"column":53}},"loc":{"start":{"line":76,"column":62},"end":{"line":78,"column":9}}},"18":{"name":"(anonymous_18)","decl":{"start":{"line":79,"column":51},"end":{"line":79,"column":52}},"loc":{"start":{"line":79,"column":61},"end":{"line":81,"column":9}}}},"branchMap":{},"s":{"0":1,"1":1,"2":1,"3":1,"4":0,"5":0,"6":0,"7":0,"8":0,"9":1,"10":0,"11":1,"12":0,"13":1,"14":0,"15":1,"16":1,"17":1,"18":1,"19":1,"20":1,"21":0,"22":1,"23":1,"24":1,"25":1,"26":1,"27":1,"28":0,"29":1,"30":0,"31":1,"32":0,"33":1,"34":0,"35":1,"36":0,"37":1,"38":0,"39":1,"40":0,"41":1,"42":1},"f":{"0":0,"1":0,"2":0,"3":1,"4":0,"5":0,"6":0,"7":1,"8":1,"9":0,"10":1,"11":1,"12":0,"13":0,"14":0,"15":0,"16":0,"17":0,"18":0},"b":{}}
,"D:\\attendance-frontend\\src\\store\\slices\\plan\\plan.slice.ts": {"path":"D:\\attendance-frontend\\src\\store\\slices\\plan\\plan.slice.ts","statementMap":{"0":{"start":{"line":1,"column":0},"end":{"line":1,"column":47}},"1":{"start":{"line":2,"column":0},"end":{"line":2,"column":63}},"2":{"start":{"line":5,"column":21},"end":{"line":9,"column":null}},"3":{"start":{"line":12,"column":18},"end":{"line":35,"column":2}},"4":{"start":{"line":17,"column":12},"end":{"line":17,"column":null}},"5":{"start":{"line":18,"column":12},"end":{"line":18,"column":null}},"6":{"start":{"line":19,"column":12},"end":{"line":19,"column":null}},"7":{"start":{"line":24,"column":8},"end":{"line":26,"column":null}},"8":{"start":{"line":25,"column":12},"end":{"line":25,"column":33}},"9":{"start":{"line":27,"column":8},"end":{"line":30,"column":null}},"10":{"start":{"line":28,"column":12},"end":{"line":28,"column":34}},"11":{"start":{"line":29,"column":12},"end":{"line":29,"column":null}},"12":{"start":{"line":31,"column":8},"end":{"line":33,"column":null}},"13":{"start":{"line":32,"column":12},"end":{"line":32,"column":34}},"14":{"start":{"line":38,"column":15},"end":{"line":38,"column":null}},"15":{"start":{"line":39,"column":0},"end":{"line":39,"column":null}}},"fnMap":{"0":{"name":"(anonymous_0)","decl":{"start":{"line":16,"column":28},"end":{"line":16,"column":29}},"loc":{"start":{"line":16,"column":38},"end":{"line":20,"column":9}}},"1":{"name":"(anonymous_1)","decl":{"start":{"line":22,"column":19},"end":{"line":22,"column":20}},"loc":{"start":{"line":22,"column":31},"end":{"line":34,"column":5}}},"2":{"name":"(anonymous_2)","decl":{"start":{"line":24,"column":45},"end":{"line":24,"column":46}},"loc":{"start":{"line":24,"column":55},"end":{"line":26,"column":9}}},"3":{"name":"(anonymous_3)","decl":{"start":{"line":27,"column":47},"end":{"line":27,"column":48}},"loc":{"start":{"line":27,"column":65},"end":{"line":30,"column":9}}},"4":{"name":"(anonymous_4)","decl":{"start":{"line":31,"column":46},"end":{"line":31,"column":47}},"loc":{"start":{"line":31,"column":56},"end":{"line":33,"column":9}}}},"branchMap":{"0":{"loc":{"start":{"line":29,"column":30},"end":{"line":29,"column":50}},"type":"binary-expr","locations":[{"start":{"line":29,"column":30},"end":{"line":29,"column":44}},{"start":{"line":29,"column":48},"end":{"line":29,"column":50}}]}},"s":{"0":1,"1":1,"2":1,"3":1,"4":0,"5":0,"6":0,"7":1,"8":5,"9":1,"10":5,"11":5,"12":1,"13":0,"14":1,"15":1},"f":{"0":0,"1":1,"2":5,"3":5,"4":0},"b":{"0":[5,5]}}
,"D:\\attendance-frontend\\src\\utility\\helper.ts": {"path":"D:\\attendance-frontend\\src\\utility\\helper.ts","statementMap":{"0":{"start":{"line":1,"column":0},"end":{"line":1,"column":27}},"1":{"start":{"line":5,"column":13},"end":{"line":38,"column":5}},"2":{"start":{"line":42,"column":13},"end":{"line":80,"column":5}}},"fnMap":{},"branchMap":{},"s":{"0":0,"1":0,"2":0},"f":{},"b":{}}
}
