TN:
SF:src\components\breadCrumb\BreadCrumb.tsx
FN:53,(anonymous_0)
FN:60,(anonymous_1)
FNF:2
FNH:2
FNDA:4,(anonymous_0)
FNDA:8,(anonymous_1)
DA:40,1
DA:41,1
DA:42,1
DA:53,1
DA:54,4
DA:61,8
DA:81,1
LF:7
LH:7
BRDA:56,0,0,4
BRDA:56,0,1,4
BRDA:62,1,0,8
BRDA:62,1,1,0
BRDA:73,2,0,8
BRDA:73,2,1,4
BRF:6
BRH:5
end_of_record
TN:
SF:src\components\button\Button.tsx
FN:18,(anonymous_0)
FNF:1
FNH:1
FNDA:8,(anonymous_0)
DA:2,1
DA:18,1
DA:27,8
DA:44,1
LF:4
LH:4
BRDA:20,0,0,7
BRDA:22,1,0,7
BRDA:23,2,0,7
BRDA:24,3,0,7
BRF:4
BRH:4
end_of_record
TN:
SF:src\components\dashboard-card\Card.tsx
FN:14,(anonymous_1)
FNF:1
FNH:0
FNDA:0,(anonymous_1)
DA:1,0
DA:3,0
DA:4,0
DA:14,0
DA:15,0
DA:37,0
LF:6
LH:0
BRDA:14,0,0,0
BRDA:14,1,0,0
BRDA:14,2,0,0
BRDA:14,3,0,0
BRDA:28,4,0,0
BRDA:28,4,1,0
BRF:6
BRH:0
end_of_record
TN:
SF:src\components\errorBoundry\ErrorBoundary.tsx
FN:10,(anonymous_0)
FN:13,(anonymous_1)
FN:57,(anonymous_2)
FNF:3
FNH:0
FNDA:0,(anonymous_0)
FNDA:0,(anonymous_1)
FNDA:0,(anonymous_2)
DA:1,0
DA:2,0
DA:3,0
DA:4,0
DA:10,0
DA:11,0
DA:13,0
DA:16,0
DA:17,0
DA:18,0
DA:19,0
DA:20,0
DA:23,0
DA:57,0
DA:58,0
DA:61,0
LF:16
LH:0
BRF:0
BRH:0
end_of_record
TN:
SF:src\components\input\Input.tsx
FN:20,(anonymous_0)
FNF:1
FNH:1
FNDA:3,(anonymous_0)
DA:1,1
DA:2,1
DA:3,1
DA:20,1
DA:34,3
DA:60,1
LF:6
LH:6
BRDA:29,0,0,0
BRDA:31,1,0,3
BRDA:35,2,0,3
BRDA:35,2,1,0
BRDA:36,3,0,3
BRDA:36,3,1,0
BRDA:39,4,0,3
BRDA:39,4,1,0
BRDA:45,5,0,3
BRDA:45,5,1,3
BRDA:52,6,0,0
BRDA:52,6,1,3
BRF:12
BRH:7
end_of_record
TN:
SF:src\services\axios\index.ts
FN:15,(anonymous_1)
FN:26,(anonymous_2)
FN:34,(anonymous_3)
FN:35,(anonymous_4)
FNF:4
FNH:0
FNDA:0,(anonymous_1)
FNDA:0,(anonymous_2)
FNDA:0,(anonymous_3)
FNDA:0,(anonymous_4)
DA:1,2
DA:4,2
DA:13,2
DA:16,0
DA:17,0
DA:19,0
DA:24,0
DA:27,0
DA:28,0
DA:33,2
DA:34,0
DA:36,0
DA:37,0
DA:39,0
DA:41,0
DA:45,2
LF:16
LH:5
BRDA:17,0,0,0
BRDA:36,1,0,0
BRDA:36,1,1,0
BRF:3
BRH:0
end_of_record
TN:
SF:src\store\store.ts
FN:56,(anonymous_1)
FNF:1
FNH:0
FNDA:0,(anonymous_1)
DA:1,0
DA:2,0
DA:3,0
DA:4,0
DA:5,0
DA:6,0
DA:7,0
DA:8,0
DA:10,0
DA:15,0
DA:20,0
DA:25,0
DA:30,0
DA:37,0
DA:39,0
DA:41,0
DA:43,0
DA:45,0
DA:48,0
DA:56,0
DA:59,0
LF:21
LH:0
BRF:0
BRH:0
end_of_record
TN:
SF:src\store\builders\auth\auth.builder.ts
FN:29,(anonymous_1)
FNF:1
FNH:1
FNDA:3,(anonymous_1)
DA:1,1
DA:2,1
DA:3,1
DA:4,1
DA:18,1
DA:27,1
DA:31,3
DA:36,3
DA:37,3
DA:43,2
DA:45,2
DA:47,2
DA:49,2
DA:51,1
DA:53,1
DA:54,1
DA:58,2
DA:66,2
DA:68,2
DA:71,1
DA:73,1
LF:21
LH:21
BRDA:47,0,0,2
BRDA:49,1,0,1
BRDA:49,1,1,1
BRDA:71,2,0,1
BRDA:71,2,1,0
BRF:5
BRH:4
end_of_record
TN:
SF:src\store\builders\employee\employee.builder.ts
FN:53,(anonymous_1)
FN:120,(anonymous_2)
FN:142,(anonymous_3)
FN:162,(anonymous_4)
FN:174,(anonymous_5)
FN:191,(anonymous_6)
FN:239,(anonymous_7)
FN:271,(anonymous_8)
FN:300,(anonymous_9)
FN:316,(anonymous_10)
FNF:10
FNH:8
FNDA:2,(anonymous_1)
FNDA:7,(anonymous_2)
FNDA:5,(anonymous_3)
FNDA:1,(anonymous_4)
FNDA:1,(anonymous_5)
FNDA:1,(anonymous_6)
FNDA:3,(anonymous_7)
FNDA:1,(anonymous_8)
FNDA:0,(anonymous_9)
FNDA:0,(anonymous_10)
DA:1,1
DA:2,1
DA:3,1
DA:45,1
DA:53,1
DA:54,2
DA:58,2
DA:71,2
DA:72,2
DA:78,1
DA:79,1
DA:80,1
DA:90,1
DA:92,1
DA:118,1
DA:121,7
DA:123,7
DA:124,7
DA:125,2
DA:126,5
DA:127,2
DA:128,3
DA:129,1
DA:133,7
DA:135,5
DA:136,5
DA:142,5
DA:147,5
DA:149,2
DA:150,2
DA:151,2
DA:155,2
DA:162,1
DA:164,1
DA:165,1
DA:167,1
DA:168,1
DA:174,1
DA:176,1
DA:179,0
DA:181,0
DA:191,1
DA:193,1
DA:195,1
DA:209,1
DA:210,1
DA:211,1
DA:212,1
DA:218,1
DA:222,0
DA:224,0
DA:239,1
DA:241,3
DA:242,3
DA:243,1
DA:244,1
DA:250,1
DA:254,2
DA:256,2
DA:271,1
DA:274,1
DA:276,1
DA:277,1
DA:278,1
DA:279,1
DA:285,1
DA:289,0
DA:291,0
DA:300,1
DA:304,0
DA:306,0
DA:307,0
DA:309,0
DA:310,0
DA:316,0
DA:318,0
DA:324,0
DA:326,0
LF:78
LH:63
BRDA:78,0,0,1
BRDA:90,1,0,1
BRDA:90,1,1,0
BRDA:124,2,0,2
BRDA:124,2,1,5
BRDA:124,3,0,7
BRDA:124,3,1,4
BRDA:126,4,0,2
BRDA:126,4,1,3
BRDA:128,5,0,1
BRDA:135,6,0,5
BRDA:150,7,0,2
BRDA:150,7,1,0
BRDA:167,8,0,1
BRDA:179,9,0,0
BRDA:179,9,1,0
BRDA:211,10,0,1
BRDA:222,11,0,0
BRDA:222,11,1,0
BRDA:243,12,0,1
BRDA:254,13,0,2
BRDA:254,13,1,1
BRDA:278,14,0,1
BRDA:289,15,0,0
BRDA:289,15,1,0
BRDA:306,16,0,0
BRDA:309,17,0,0
BRDA:324,18,0,0
BRDA:324,18,1,0
BRF:29
BRH:17
end_of_record
TN:
SF:src\store\builders\office\office.builder.ts
FN:55,(anonymous_1)
FN:102,(anonymous_2)
FN:115,(anonymous_3)
FN:131,(anonymous_4)
FN:157,(anonymous_5)
FN:203,(anonymous_6)
FNF:6
FNH:6
FNDA:2,(anonymous_1)
FNDA:4,(anonymous_2)
FNDA:2,(anonymous_3)
FNDA:2,(anonymous_4)
FNDA:2,(anonymous_5)
FNDA:2,(anonymous_6)
DA:1,1
DA:2,1
DA:3,1
DA:46,1
DA:55,1
DA:57,2
DA:59,2
DA:73,2
DA:74,2
DA:80,1
DA:81,1
DA:82,1
DA:90,1
DA:92,1
DA:102,1
DA:104,4
DA:106,4
DA:107,4
DA:108,4
DA:109,4
DA:115,4
DA:117,2
DA:119,2
DA:121,2
DA:123,2
DA:131,1
DA:133,2
DA:135,2
DA:136,2
DA:137,2
DA:138,2
DA:145,2
DA:148,0
DA:150,0
DA:157,1
DA:159,2
DA:162,2
DA:176,2
DA:178,2
DA:179,2
DA:180,2
DA:181,0
DA:187,0
DA:191,2
DA:193,2
DA:203,1
DA:205,2
DA:206,2
DA:207,2
DA:208,2
DA:214,2
DA:218,0
DA:220,0
LF:53
LH:47
BRDA:80,0,0,1
BRDA:90,1,0,1
BRDA:90,1,1,0
BRDA:108,2,0,4
BRDA:121,3,0,2
BRDA:121,3,1,2
BRDA:137,4,0,2
BRDA:148,5,0,0
BRDA:148,5,1,0
BRDA:180,6,0,0
BRDA:191,7,0,2
BRDA:191,7,1,2
BRDA:207,8,0,2
BRDA:218,9,0,0
BRDA:218,9,1,0
BRF:15
BRH:9
end_of_record
TN:
SF:src\store\builders\plan\plan.builder.ts
FN:6,(anonymous_1)
FNF:1
FNH:1
FNDA:5,(anonymous_1)
DA:1,1
DA:2,1
DA:3,1
DA:6,1
DA:8,5
DA:9,5
DA:10,3
DA:11,3
DA:21,2
DA:23,2
LF:10
LH:10
BRDA:10,0,0,3
BRDA:21,1,0,2
BRDA:21,1,1,1
BRF:3
BRH:3
end_of_record
TN:
SF:src\store\slices\employee\employee.slice.ts
FN:18,(anonymous_0)
FN:21,(anonymous_1)
FN:24,(anonymous_2)
FN:30,(anonymous_3)
FN:32,(anonymous_4)
FN:35,(anonymous_5)
FN:38,(anonymous_6)
FN:42,(anonymous_7)
FN:45,(anonymous_8)
FN:49,(anonymous_9)
FN:53,(anonymous_10)
FN:56,(anonymous_11)
FN:60,(anonymous_12)
FN:64,(anonymous_13)
FN:67,(anonymous_14)
FN:70,(anonymous_15)
FN:74,(anonymous_16)
FN:77,(anonymous_17)
FN:81,(anonymous_18)
FN:85,(anonymous_19)
FN:88,(anonymous_20)
FN:92,(anonymous_21)
FNF:22
FNH:0
FNDA:0,(anonymous_0)
FNDA:0,(anonymous_1)
FNDA:0,(anonymous_2)
FNDA:0,(anonymous_3)
FNDA:0,(anonymous_4)
FNDA:0,(anonymous_5)
FNDA:0,(anonymous_6)
FNDA:0,(anonymous_7)
FNDA:0,(anonymous_8)
FNDA:0,(anonymous_9)
FNDA:0,(anonymous_10)
FNDA:0,(anonymous_11)
FNDA:0,(anonymous_12)
FNDA:0,(anonymous_13)
FNDA:0,(anonymous_14)
FNDA:0,(anonymous_15)
FNDA:0,(anonymous_16)
FNDA:0,(anonymous_17)
FNDA:0,(anonymous_18)
FNDA:0,(anonymous_19)
FNDA:0,(anonymous_20)
FNDA:0,(anonymous_21)
DA:1,0
DA:2,0
DA:6,0
DA:14,0
DA:19,0
DA:22,0
DA:25,0
DA:26,0
DA:27,0
DA:32,0
DA:33,0
DA:35,0
DA:36,0
DA:38,0
DA:39,0
DA:42,0
DA:43,0
DA:45,0
DA:46,0
DA:47,0
DA:49,0
DA:50,0
DA:53,0
DA:54,0
DA:56,0
DA:57,0
DA:58,0
DA:60,0
DA:61,0
DA:64,0
DA:65,0
DA:67,0
DA:68,0
DA:70,0
DA:71,0
DA:74,0
DA:75,0
DA:77,0
DA:78,0
DA:79,0
DA:81,0
DA:82,0
DA:85,0
DA:86,0
DA:88,0
DA:89,0
DA:90,0
DA:92,0
DA:93,0
DA:100,0
DA:101,0
LF:51
LH:0
BRF:0
BRH:0
end_of_record
TN:
SF:src\store\slices\office\office.slice.ts
FN:17,(anonymous_0)
FN:20,(anonymous_1)
FN:23,(anonymous_2)
FN:29,(anonymous_3)
FN:31,(anonymous_4)
FN:34,(anonymous_5)
FN:37,(anonymous_6)
FN:41,(anonymous_7)
FN:44,(anonymous_8)
FN:48,(anonymous_9)
FN:52,(anonymous_10)
FN:55,(anonymous_11)
FN:59,(anonymous_12)
FN:63,(anonymous_13)
FN:66,(anonymous_14)
FN:69,(anonymous_15)
FN:73,(anonymous_16)
FN:76,(anonymous_17)
FN:79,(anonymous_18)
FNF:19
FNH:5
FNDA:0,(anonymous_0)
FNDA:0,(anonymous_1)
FNDA:0,(anonymous_2)
FNDA:1,(anonymous_3)
FNDA:0,(anonymous_4)
FNDA:0,(anonymous_5)
FNDA:0,(anonymous_6)
FNDA:1,(anonymous_7)
FNDA:1,(anonymous_8)
FNDA:0,(anonymous_9)
FNDA:1,(anonymous_10)
FNDA:1,(anonymous_11)
FNDA:0,(anonymous_12)
FNDA:0,(anonymous_13)
FNDA:0,(anonymous_14)
FNDA:0,(anonymous_15)
FNDA:0,(anonymous_16)
FNDA:0,(anonymous_17)
FNDA:0,(anonymous_18)
DA:1,1
DA:2,1
DA:6,1
DA:13,1
DA:18,0
DA:21,0
DA:24,0
DA:25,0
DA:26,0
DA:31,1
DA:32,0
DA:34,1
DA:35,0
DA:37,1
DA:38,0
DA:41,1
DA:42,1
DA:44,1
DA:45,1
DA:46,1
DA:48,1
DA:49,0
DA:52,1
DA:53,1
DA:55,1
DA:56,1
DA:57,1
DA:59,1
DA:60,0
DA:63,1
DA:64,0
DA:66,1
DA:67,0
DA:69,1
DA:70,0
DA:73,1
DA:74,0
DA:76,1
DA:77,0
DA:79,1
DA:80,0
DA:87,1
DA:88,1
LF:43
LH:27
BRF:0
BRH:0
end_of_record
TN:
SF:src\store\slices\plan\plan.slice.ts
FN:16,(anonymous_0)
FN:22,(anonymous_1)
FN:24,(anonymous_2)
FN:27,(anonymous_3)
FN:31,(anonymous_4)
FNF:5
FNH:3
FNDA:0,(anonymous_0)
FNDA:1,(anonymous_1)
FNDA:5,(anonymous_2)
FNDA:5,(anonymous_3)
FNDA:0,(anonymous_4)
DA:1,1
DA:2,1
DA:5,1
DA:12,1
DA:17,0
DA:18,0
DA:19,0
DA:24,1
DA:25,5
DA:27,1
DA:28,5
DA:29,5
DA:31,1
DA:32,0
DA:38,1
DA:39,1
LF:16
LH:12
BRDA:29,0,0,5
BRDA:29,0,1,5
BRF:2
BRH:2
end_of_record
TN:
SF:src\utility\helper.ts
FNF:0
FNH:0
DA:1,0
DA:5,0
DA:42,0
LF:3
LH:0
BRF:0
BRH:0
end_of_record
